<?xml version="1.0" encoding="UTF-8"?>
<!-- Generated by org.testng.reporters.JUnitXMLReporter -->
<testsuite hostname="ISSL415" ignored="0" name="Free CRM App Test Cases" tests="12" failures="0" timestamp="16 Dec 2019 10:20:38 GMT" time="0.125" errors="0">
  <testcase name="div" time="0.016" classname="MavenDemoTest.DemoTest"/>
  <testcase name="multi" time="0.0" classname="MavenDemoTest.DemoTest"/>
  <testcase name="sub" time="0.015" classname="MavenDemoTest.DemoTest"/>
  <testcase name="sum" time="0.0" classname="MavenDemoTest.DemoTest"/>
  <testcase name="div" time="0.0" classname="MavenDemoTest.DemoTest1"/>
  <testcase name="multi" time="0.0" classname="MavenDemoTest.DemoTest1"/>
  <testcase name="sub" time="0.0" classname="MavenDemoTest.DemoTest1"/>
  <testcase name="sum" time="0.0" classname="MavenDemoTest.DemoTest1"/>
  <testcase name="div" time="0.0" classname="MavenDemoTest.DemoTest2"/>
  <testcase name="multi" time="0.0" classname="MavenDemoTest.DemoTest2"/>
  <testcase name="sub" time="0.0" classname="MavenDemoTest.DemoTest2"/>
  <testcase name="sum" time="0.0" classname="MavenDemoTest.DemoTest2"/>
</testsuite> <!-- Free CRM App Test Cases -->
