<?xml version="1.0" encoding="UTF-8"?>
<testng-results skipped="0" failed="0" ignored="0" total="1" passed="1">
  <reporter-output>
  </reporter-output>
  <suite name="FREE CRM Application Test Automation Test Suite" duration-ms="10999" started-at="2019-12-20T04:49:00Z" finished-at="2019-12-20T04:49:11Z">
    <groups>
    </groups>
    <test name="QBE Test Cases" duration-ms="10999" started-at="2019-12-20T04:49:00Z" finished-at="2019-12-20T04:49:11Z">
      <class name="MavenDemoTest.LoginQBEPC">
        <test-method status="PASS" signature="login()[pri:0, instance:MavenDemoTest.LoginQBEPC@20e2cbe0]" name="login" duration-ms="10971" started-at="2019-12-20T10:19:00Z" finished-at="2019-12-20T10:19:11Z">
          <reporter-output>
          </reporter-output>
        </test-method> <!-- login -->
      </class> <!-- MavenDemoTest.LoginQBEPC -->
    </test> <!-- QBE Test Cases -->
  </suite> <!-- FREE CRM Application Test Automation Test Suite -->
</testng-results>
